Using pre-set license
Built from '2020.3/release' branch; Version is '2020.3.2f1 (8fd9074bf66c) revision 9427207'; Using compiler version '192528614'; Build Type 'Release'
OS: 'Windows 10 Pro; OS build 19041.928; Version 2004; 64bit' Language: 'en' Physical Memory: 8071 MB
BatchMode: 1, IsHumanControllingUs: 0, StartBugReporterOnCrash: 0, Is64bit: 1, IsPro: 0

 COMMAND LINE ARGUMENTS:
C:\Program Files\Unity\Hub\Editor\2020.3.2f1\Editor\Unity.exe
-adb2
-batchMode
-noUpm
-name
AssetImportWorker0
-projectPath
C:/Users/lenovo/Documents/unityS4/UnityProject
-logFile
Logs/AssetImportWorker0.log
-srvPort
65110
Successfully changed project path to: C:/Users/lenovo/Documents/unityS4/UnityProject
C:/Users/lenovo/Documents/unityS4/UnityProject
Using Asset Import Pipeline V2.
Refreshing native plugins compatible for Editor in 127.09 ms, found 1 plugins.
Preloading 0 native plugins for Editor in 0.00 ms.
Initialize engine version: 2020.3.2f1 (8fd9074bf66c)
[Subsystems] Discovering subsystems at path C:/Program Files/Unity/Hub/Editor/2020.3.2f1/Editor/Data/Resources/UnitySubsystems
[Subsystems] Discovering subsystems at path C:/Users/lenovo/Documents/unityS4/UnityProject/Assets
GfxDevice: creating device client; threaded=0
Direct3D:
    Version:  Direct3D 11.0 [level 11.1]
    Renderer: Microsoft Basic Render Driver (ID=0x8c)
    Vendor:   
    VRAM:     4035 MB
Initialize mono
Mono path[0] = 'C:/Program Files/Unity/Hub/Editor/2020.3.2f1/Editor/Data/Managed'
Mono path[1] = 'C:/Program Files/Unity/Hub/Editor/2020.3.2f1/Editor/Data/MonoBleedingEdge/lib/mono/unityjit'
Mono config path = 'C:/Program Files/Unity/Hub/Editor/2020.3.2f1/Editor/Data/MonoBleedingEdge/etc'
Using monoOptions --debugger-agent=transport=dt_socket,embedding=1,server=y,suspend=n,address=127.0.0.1:56376
Begin MonoManager ReloadAssembly
Registering precompiled unity dll's ...
Register platform support module: C:/Program Files/Unity/Hub/Editor/2020.3.2f1/Editor/Data/PlaybackEngines/WindowsStandaloneSupport/UnityEditor.WindowsStandalone.Extensions.dll
Registered in 0.004110 seconds.
Native extension for WindowsStandalone target not found
Refreshing native plugins compatible for Editor in 49.21 ms, found 1 plugins.
Preloading 0 native plugins for Editor in 0.00 ms.
Invoked RoslynAnalysisRunner static constructor.
RoslynAnalysisRunner will not be running.
RoslynAnalysisRunner has terminated.
Mono: successfully reloaded assembly
- Completed reload, in  1.537 seconds
Platform modules already initialized, skipping
Registering precompiled user dll's ...
Registered in 0.001348 seconds.
Begin MonoManager ReloadAssembly
Native extension for WindowsStandalone target not found
Refreshing native plugins compatible for Editor in 46.84 ms, found 1 plugins.
Preloading 0 native plugins for Editor in 0.00 ms.
Invoked RoslynAnalysisRunner static constructor.
RoslynAnalysisRunner will not be running.
RoslynAnalysisRunner has terminated.
Mono: successfully reloaded assembly
- Completed reload, in  1.376 seconds
Platform modules already initialized, skipping
========================================================================
Worker process is ready to serve import requests
Launched and connected shader compiler UnityShaderCompiler.exe after 0.07 seconds
Refreshing native plugins compatible for Editor in 0.86 ms, found 1 plugins.
Preloading 0 native plugins for Editor in 0.00 ms.
Unloading 1809 Unused Serialized files (Serialized files now loaded: 0)
System memory in use before: 85.0 MB.
System memory in use after: 84.9 MB.

Unloading 24 unused Assets to reduce memory usage. Loaded Objects now: 2250.
Total: 4.587500 ms (FindLiveObjects: 0.390300 ms CreateObjectMapping: 0.141800 ms MarkObjects: 3.839900 ms  DeleteObjects: 0.213300 ms)

========================================================================
Received Import Request.
  path: Assets/Sprites/arcade_platformerV2.png
  artifactKey: Guid(d44be89d5504b4c4ea12af051ee26923) Importer(815301076,1909f56bfc062723c751e8b465ee728b)
Start importing Assets/Sprites/arcade_platformerV2.png using Guid(d44be89d5504b4c4ea12af051ee26923) Importer(815301076,1909f56bfc062723c751e8b465ee728b)  -> (artifact id: 'ad7f505316dd4d7b8c2cc36b161c51b0') in 0.201687 seconds
  Import took 0.205727 seconds .

========================================================================
Received Import Request.
  Time since last request: 335.829126 seconds.
  path: Assets/Sprites/arcade_platformerV2.png
  artifactKey: Guid(d44be89d5504b4c4ea12af051ee26923) Importer(815301076,1909f56bfc062723c751e8b465ee728b)
Start importing Assets/Sprites/arcade_platformerV2.png using Guid(d44be89d5504b4c4ea12af051ee26923) Importer(815301076,1909f56bfc062723c751e8b465ee728b)  -> (artifact id: '47e470a434f4889b115caa3babef9f4f') in 0.112225 seconds
  Import took 0.117908 seconds .

========================================================================
Received Import Request.
  Time since last request: 14.477832 seconds.
  path: Assets/Sprites/arcade_platformerV2.png
  artifactKey: Guid(d44be89d5504b4c4ea12af051ee26923) Importer(815301076,1909f56bfc062723c751e8b465ee728b)
Start importing Assets/Sprites/arcade_platformerV2.png using Guid(d44be89d5504b4c4ea12af051ee26923) Importer(815301076,1909f56bfc062723c751e8b465ee728b)  -> (artifact id: '40acdbfe11e6a47fd2a1b72387d357c9') in 0.091142 seconds
  Import took 0.113893 seconds .

========================================================================
Received Import Request.
  Time since last request: 60.278106 seconds.
  path: Assets/Sprites/arcade_platformerV2.png
  artifactKey: Guid(d44be89d5504b4c4ea12af051ee26923) Importer(815301076,1909f56bfc062723c751e8b465ee728b)
Start importing Assets/Sprites/arcade_platformerV2.png using Guid(d44be89d5504b4c4ea12af051ee26923) Importer(815301076,1909f56bfc062723c751e8b465ee728b)  -> (artifact id: '392fb3efe51d6cafa969b478665ae7a1') in 0.111123 seconds
  Import took 0.115955 seconds .

========================================================================
Received Import Request.
  Time since last request: 202.930545 seconds.
  path: Assets/Sprites/arcade_platformerV2.png
  artifactKey: Guid(d44be89d5504b4c4ea12af051ee26923) Importer(815301076,1909f56bfc062723c751e8b465ee728b)
Start importing Assets/Sprites/arcade_platformerV2.png using Guid(d44be89d5504b4c4ea12af051ee26923) Importer(815301076,1909f56bfc062723c751e8b465ee728b)  -> (artifact id: '17bc1825de16afe2ec36145b832a85f6') in 0.066530 seconds
  Import took 0.102010 seconds .

========================================================================
Received Import Request.
  Time since last request: 186.101334 seconds.
  path: Assets/Sprites/arcade_platformerV2.png
  artifactKey: Guid(d44be89d5504b4c4ea12af051ee26923) Importer(815301076,1909f56bfc062723c751e8b465ee728b)
Start importing Assets/Sprites/arcade_platformerV2.png using Guid(d44be89d5504b4c4ea12af051ee26923) Importer(815301076,1909f56bfc062723c751e8b465ee728b)  -> (artifact id: '2a0d9746ec681e0944d6255ed19a1f82') in 0.163630 seconds
  Import took 0.187963 seconds .

AssetImportWorkerClient::OnTransportError - code=2 error=End of file
